time=2025-07-02T16:17:14.003+08:00 level=INFO msg="checking for pulumi" path=/home/weilo/.config/sst/bin/pulumi
time=2025-07-02T16:17:14.157+08:00 level=INFO msg="checking for bun" path=/home/weilo/.config/sst/bin/bun
time=2025-07-02T16:17:14.158+08:00 level=INFO msg="initializing project" version=3.17.8
time=2025-07-02T16:17:14.158+08:00 level=INFO msg="esbuild building" out=/home/weilo/codes/isr/.sst/platform/sst.config.1751444234158.mjs
time=2025-07-02T16:17:14.160+08:00 level=INFO msg="esbuild built" outfile=/home/weilo/codes/isr/.sst/platform/sst.config.1751444234158.mjs
time=2025-07-02T16:17:14.160+08:00 level=INFO msg="evaluating config"
time=2025-07-02T16:17:14.180+08:00 level=INFO msg="config evaluated"
time=2025-07-02T16:17:14.180+08:00 level=INFO msg="checking platform"
time=2025-07-02T16:17:14.180+08:00 level=INFO msg="loading home"
time=2025-07-02T16:17:14.180+08:00 level=INFO msg="aws credentials found" region=ap-southeast-1 profile=""
time=2025-07-02T16:17:14.180+08:00 level=INFO msg="fetching bootstrap"
time=2025-07-02T16:17:14.273+08:00 level=INFO msg="found existing bootstrap" data="{\"version\":5,\"asset\":\"sst-asset-kurfbberwvfw\",\"assetEcrRegistryId\":\"816069152776\",\"assetEcrUrl\":\"816069152776.dkr.ecr.ap-southeast-1.amazonaws.com/sst-asset\",\"state\":\"sst-state-kurfbberwvfw\",\"appsyncHttp\":\"\",\"appsyncRealtime\":\"\"}"
time=2025-07-02T16:17:14.273+08:00 level=INFO msg="loaded config" app=content-guide-poc stage=weilo
time=2025-07-02T16:17:14.273+08:00 level=INFO msg="initializing ui" isTTY=true
time=2025-07-02T16:17:14.273+08:00 level=INFO msg="server port assigned" port=13557
time=2025-07-02T16:17:14.274+08:00 level=INFO msg="running stack command" service=project.run cmd=remove
time=2025-07-02T16:17:14.274+08:00 level=INFO msg="INFO locking app=content-guide-poc stage=weilo"
time=2025-07-02T16:17:14.274+08:00 level=INFO msg="INFO getting data key=lock app=content-guide-poc stage=weilo"
time=2025-07-02T16:17:14.274+08:00 level=INFO msg=starting service=server
time=2025-07-02T16:17:14.274+08:00 level=INFO msg=server service=server addr=0.0.0.0:13557
time=2025-07-02T16:17:14.419+08:00 level=INFO msg="INFO putting update app=content-guide-poc stage=weilo"
time=2025-07-02T16:17:14.506+08:00 level=INFO msg="INFO getting passphrase app=content-guide-poc stage=weilo"
time=2025-07-02T16:17:14.596+08:00 level=INFO msg="INFO pulling state app=content-guide-poc stage=weilo out=/home/weilo/codes/isr/.sst/pulumi/fe6835c9dfddbfde4eaefb3d/.pulumi/stacks/content-guide-poc/weilo.json"
time=2025-07-02T16:17:14.965+08:00 level=INFO msg="got previous deployment" service=project.run updateID=fe6835c9dfddbfde4eaefb3d
time=2025-07-02T16:17:14.965+08:00 level=INFO msg="esbuild building" out=/home/weilo/codes/isr/.sst/platform/sst.config.1751444234596.mjs
time=2025-07-02T16:17:15.006+08:00 level=INFO msg="esbuild built" outfile=/home/weilo/codes/isr/.sst/platform/sst.config.1751444234596.mjs
time=2025-07-02T16:17:15.012+08:00 level=INFO msg="built sst.config.ts" service=project.run updateID=fe6835c9dfddbfde4eaefb3d to=/home/weilo/codes/isr/.sst/platform/sst.config.1751444234596.mjs
time=2025-07-02T16:17:15.014+08:00 level=INFO msg="tracked files" service=project.run updateID=fe6835c9dfddbfde4eaefb3d
time=2025-07-02T16:17:15.014+08:00 level=INFO msg="INFO getting data key=secret app=content-guide-poc stage=_fallback"
time=2025-07-02T16:17:15.014+08:00 level=INFO msg="INFO getting data key=secret app=content-guide-poc stage=weilo"
time=2025-07-02T16:17:15.096+08:00 level=INFO msg="starting pulumi" service=project.run updateID=fe6835c9dfddbfde4eaefb3d args="[/home/weilo/.config/sst/bin/pulumi destroy --yes -f --stack organization/content-guide-poc/weilo --non-interactive --event-log /home/weilo/codes/isr/.sst/pulumi/fe6835c9dfddbfde4eaefb3d/eventlog.json]"
time=2025-07-02T16:17:19.166+08:00 level=INFO msg="rpc request" method=POST url=/rpc
time=2025-07-02T16:17:19.185+08:00 level=INFO msg="rpc request" method=POST url=/rpc
time=2025-07-02T16:17:19.229+08:00 level=INFO msg="INFO pushing partial state updateID=fe6835c9dfddbfde4eaefb3d"
time=2025-07-02T16:17:20.741+08:00 level=INFO msg="INFO pushing partial state updateID=fe6835c9dfddbfde4eaefb3d"
time=2025-07-02T16:17:20.942+08:00 level=INFO msg="INFO pushing partial state updateID=fe6835c9dfddbfde4eaefb3d"
time=2025-07-02T16:17:21.112+08:00 level=INFO msg="INFO pushing partial state updateID=fe6835c9dfddbfde4eaefb3d"
time=2025-07-02T16:17:21.160+08:00 level=INFO msg="rpc request" method=POST url=/rpc
time=2025-07-02T16:17:21.278+08:00 level=INFO msg="INFO pushing partial state updateID=fe6835c9dfddbfde4eaefb3d"
time=2025-07-02T16:17:21.455+08:00 level=INFO msg="INFO pushing partial state updateID=fe6835c9dfddbfde4eaefb3d"
time=2025-07-02T16:17:22.452+08:00 level=INFO msg="INFO pushing partial state updateID=fe6835c9dfddbfde4eaefb3d"
time=2025-07-02T16:17:23.459+08:00 level=INFO msg="INFO pushing partial state updateID=fe6835c9dfddbfde4eaefb3d"
time=2025-07-02T16:17:37.970+08:00 level=INFO msg="rpc request" method=POST url=/rpc
time=2025-07-02T16:17:38.021+08:00 level=INFO msg="INFO pushing partial state updateID=fe6835c9dfddbfde4eaefb3d"
time=2025-07-02T16:17:38.170+08:00 level=INFO msg="INFO pushing partial state updateID=fe6835c9dfddbfde4eaefb3d"
time=2025-07-02T16:17:38.526+08:00 level=INFO msg="INFO pushing partial state updateID=fe6835c9dfddbfde4eaefb3d"
time=2025-07-02T16:17:38.677+08:00 level=INFO msg="INFO pushing partial state updateID=fe6835c9dfddbfde4eaefb3d"
time=2025-07-02T16:17:38.929+08:00 level=INFO msg="INFO pushing partial state updateID=fe6835c9dfddbfde4eaefb3d"
time=2025-07-02T16:17:40.138+08:00 level=INFO msg="INFO pushing partial state updateID=fe6835c9dfddbfde4eaefb3d"
time=2025-07-02T16:22:06.453+08:00 level=INFO msg="INFO pushing partial state updateID=fe6835c9dfddbfde4eaefb3d"
time=2025-07-02T16:22:06.628+08:00 level=INFO msg="INFO pushing partial state updateID=fe6835c9dfddbfde4eaefb3d"
time=2025-07-02T16:22:07.561+08:00 level=INFO msg="INFO pushing partial state updateID=fe6835c9dfddbfde4eaefb3d"
time=2025-07-02T16:22:08.065+08:00 level=INFO msg="INFO pushing partial state updateID=fe6835c9dfddbfde4eaefb3d"
time=2025-07-02T16:22:08.267+08:00 level=INFO msg="INFO pushing partial state updateID=fe6835c9dfddbfde4eaefb3d"
time=2025-07-02T16:22:08.670+08:00 level=INFO msg="INFO pushing partial state updateID=fe6835c9dfddbfde4eaefb3d"
time=2025-07-02T16:22:08.796+08:00 level=INFO msg="INFO pushing partial state updateID=fe6835c9dfddbfde4eaefb3d"
time=2025-07-02T16:22:09.678+08:00 level=INFO msg="INFO pushing partial state updateID=fe6835c9dfddbfde4eaefb3d"
time=2025-07-02T16:22:09.795+08:00 level=INFO msg="INFO pushing partial state updateID=fe6835c9dfddbfde4eaefb3d"
time=2025-07-02T16:22:18.707+08:00 level=INFO msg="INFO pushing partial state updateID=fe6835c9dfddbfde4eaefb3d"
time=2025-07-02T16:22:18.707+08:00 level=INFO msg="pulumi exited" service=project.run updateID=fe6835c9dfddbfde4eaefb3d err=<nil>
time=2025-07-02T16:22:18.708+08:00 level=INFO msg="eof and exited" service=project.run updateID=fe6835c9dfddbfde4eaefb3d eofs=0
time=2025-07-02T16:22:18.708+08:00 level=INFO msg="eof and exited" service=project.run updateID=fe6835c9dfddbfde4eaefb3d eofs=1
time=2025-07-02T16:22:18.708+08:00 level=INFO msg="breaking out of tail loop" service=project.run updateID=fe6835c9dfddbfde4eaefb3d
time=2025-07-02T16:22:18.708+08:00 level=INFO msg="parsing state" service=project.run updateID=fe6835c9dfddbfde4eaefb3d
time=2025-07-02T16:22:18.708+08:00 level=INFO msg="generating types" root=/home/weilo/codes/isr
time=2025-07-02T16:22:18.709+08:00 level=INFO msg="canceling partial" service=project.run updateID=fe6835c9dfddbfde4eaefb3d
time=2025-07-02T16:22:18.709+08:00 level=INFO msg="waiting for partial to exit" service=project.run updateID=fe6835c9dfddbfde4eaefb3d
time=2025-07-02T16:22:18.787+08:00 level=INFO msg="INFO pushing eventlog updateID=fe6835c9dfddbfde4eaefb3d"
time=2025-07-02T16:22:18.788+08:00 level=INFO msg="INFO pushing snapshot updateID=fe6835c9dfddbfde4eaefb3d"
time=2025-07-02T16:22:18.969+08:00 level=INFO msg="INFO putting update app=content-guide-poc stage=weilo"
time=2025-07-02T16:22:19.055+08:00 level=INFO msg="cleaning up folder" bucket=sst-state-kurfbberwvfw prefix=eventlog/content-guide-poc/weilo/
time=2025-07-02T16:22:19.192+08:00 level=INFO msg="folder cleanup complete" prefix=eventlog/content-guide-poc/weilo/
time=2025-07-02T16:22:19.193+08:00 level=INFO msg="cleaning up folder" bucket=sst-state-kurfbberwvfw prefix=snapshot/content-guide-poc/weilo/
time=2025-07-02T16:22:19.318+08:00 level=INFO msg="folder cleanup complete" prefix=snapshot/content-guide-poc/weilo/
time=2025-07-02T16:22:19.318+08:00 level=INFO msg="done running stack command" service=project.run updateID=fe6835c9dfddbfde4eaefb3d resources=0
time=2025-07-02T16:22:19.321+08:00 level=INFO msg="INFO unlocking app=content-guide-poc stage=weilo"
time=2025-07-02T16:22:19.399+08:00 level=INFO msg="shutting down server" service=server
time=2025-07-02T16:22:19.399+08:00 level=INFO msg="server done" service=server
